<?xml version="1.0" encoding="UTF-8"?>
<coverage generated="1726148914727" clover="3.2.0">
  <project timestamp="1726148914727" name="All files">
    <metrics statements="10" coveredstatements="10" conditionals="2" coveredconditionals="2" methods="6" coveredmethods="6" elements="18" coveredelements="18" complexity="0" loc="10" ncloc="10" packages="1" files="1" classes="1"/>
    <file name="formatting.js" path="C:\Users\Emre Sen\Desktop\Modul 450 Unit Testing\src\formatting.js">
      <metrics statements="10" coveredstatements="10" conditionals="2" coveredconditionals="2" methods="6" coveredmethods="6"/>
      <line num="3" count="2" type="cond" truecount="2" falsecount="0"/>
      <line num="4" count="1" type="stmt"/>
      <line num="9" count="2" type="stmt"/>
      <line num="10" count="2" type="stmt"/>
      <line num="11" count="2" type="stmt"/>
      <line num="16" count="2" type="stmt"/>
      <line num="18" count="6" type="stmt"/>
      <line num="24" count="2" type="stmt"/>
      <line num="26" count="6" type="stmt"/>
      <line num="28" count="1" type="stmt"/>
    </file>
  </project>
</coverage>
