{"C:\\Users\\Emre Sen\\Desktop\\Modul 450 Unit Testing\\src\\formatting.js": {"path":"C:\\Users\\Emre Sen\\Desktop\\Modul 450 Unit Testing\\src\\formatting.js","statementMap":{"0":{"start":{"line":3,"column":4},"end":{"line":3,"column":40}},"1":{"start":{"line":3,"column":28},"end":{"line":3,"column":40}},"2":{"start":{"line":4,"column":4},"end":{"line":4,"column":35}},"3":{"start":{"line":9,"column":24},"end":{"line":9,"column":64}},"4":{"start":{"line":10,"column":25},"end":{"line":10,"column":65}},"5":{"start":{"line":11,"column":4},"end":{"line":11,"column":40}},"6":{"start":{"line":16,"column":4},"end":{"line":19,"column":17}},"7":{"start":{"line":18,"column":19},"end":{"line":18,"column":63}},"8":{"start":{"line":24,"column":4},"end":{"line":26,"column":72}},"9":{"start":{"line":26,"column":35},"end":{"line":26,"column":67}},"10":{"start":{"line":28,"column":2},"end":{"line":33,"column":4}}},"fnMap":{"0":{"name":"getLastElement","decl":{"start":{"line":2,"column":9},"end":{"line":2,"column":23}},"loc":{"start":{"line":2,"column":31},"end":{"line":5,"column":3}},"line":2},"1":{"name":"isPalindrome","decl":{"start":{"line":8,"column":11},"end":{"line":8,"column":23}},"loc":{"start":{"line":8,"column":30},"end":{"line":12,"column":3}},"line":8},"2":{"name":"capitalizeWords","decl":{"start":{"line":15,"column":11},"end":{"line":15,"column":26}},"loc":{"start":{"line":15,"column":32},"end":{"line":20,"column":3}},"line":15},"3":{"name":"(anonymous_3)","decl":{"start":{"line":18,"column":11},"end":{"line":18,"column":12}},"loc":{"start":{"line":18,"column":19},"end":{"line":18,"column":63}},"line":18},"4":{"name":"lengthOfLongestWord","decl":{"start":{"line":23,"column":11},"end":{"line":23,"column":30}},"loc":{"start":{"line":23,"column":41},"end":{"line":27,"column":3}},"line":23},"5":{"name":"(anonymous_5)","decl":{"start":{"line":26,"column":14},"end":{"line":26,"column":15}},"loc":{"start":{"line":26,"column":35},"end":{"line":26,"column":67}},"line":26}},"branchMap":{"0":{"loc":{"start":{"line":3,"column":4},"end":{"line":3,"column":40}},"type":"if","locations":[{"start":{"line":3,"column":4},"end":{"line":3,"column":40}},{"start":{},"end":{}}],"line":3}},"s":{"0":2,"1":1,"2":1,"3":2,"4":2,"5":2,"6":2,"7":6,"8":2,"9":6,"10":1},"f":{"0":2,"1":2,"2":2,"3":6,"4":2,"5":6},"b":{"0":[1,1]},"_coverageSchema":"1a1c01bbd47fc00a2c39e90264f33305004495a9","hash":"9fcbb28914b7e8fefb76b559e0a72a00eb58fdce"}
}
